\BOOKMARK [1][-]{section.1}{\376\377\000E\000x\000e\000c\000u\000t\000i\000v\000e\000\040\000O\000v\000e\000r\000v\000i\000e\000w}{}% 1
\BOOKMARK [1][-]{section.2}{\376\377\000P\000r\000o\000d\000u\000c\000t\000\040\000E\000c\000o\000s\000y\000s\000t\000e\000m}{}% 2
\BOOKMARK [2][-]{subsection.2.1}{\376\377\000M\000u\000l\000t\000i\000-\000A\000n\000i\000m\000a\000l\000-\000T\000r\000a\000c\000k\000e\000r}{section.2}% 3
\BOOKMARK [2][-]{subsection.2.2}{\376\377\000P\000o\000s\000e\000K\000i\000t}{section.2}% 4
\BOOKMARK [2][-]{subsection.2.3}{\376\377\000C\000l\000a\000s\000s\000K\000i\000t}{section.2}% 5
\BOOKMARK [2][-]{subsection.2.4}{\376\377\000D\000a\000t\000a\000S\000i\000e\000v\000e}{section.2}% 6
\BOOKMARK [1][-]{section.3}{\376\377\000P\000i\000p\000e\000l\000i\000n\000e\000\040\000T\000o\000p\000o\000l\000o\000g\000y}{}% 7
\BOOKMARK [2][-]{subsection.3.1}{\376\377\000P\000e\000r\000-\000f\000r\000a\000m\000e\000\040\000e\000x\000e\000c\000u\000t\000i\000o\000n\000\040\000o\000r\000d\000e\000r}{section.3}% 8
\BOOKMARK [1][-]{section.4}{\376\377\000F\000o\000r\000m\000a\000l\000\040\000O\000b\000j\000e\000c\000t\000s\000\040\000a\000n\000d\000\040\000D\000a\000t\000a\000\040\000R\000e\000p\000r\000e\000s\000e\000n\000t\000a\000t\000i\000o\000n\000s}{}% 9
\BOOKMARK [2][-]{subsection.4.1}{\376\377\000S\000t\000a\000t\000e\000\040\000v\000e\000c\000t\000o\000r}{section.4}% 10
\BOOKMARK [2][-]{subsection.4.2}{\376\377\000M\000e\000a\000s\000u\000r\000e\000m\000e\000n\000t\000\040\000v\000e\000c\000t\000o\000r}{section.4}% 11
\BOOKMARK [2][-]{subsection.4.3}{\376\377\000D\000e\000t\000e\000c\000t\000i\000o\000n\000-\000s\000i\000d\000e\000\040\000a\000t\000t\000r\000i\000b\000u\000t\000e\000s}{section.4}% 12
\BOOKMARK [2][-]{subsection.4.4}{\376\377\000D\000e\000t\000e\000r\000m\000i\000n\000i\000s\000t\000i\000c\000\040\000d\000e\000t\000e\000c\000t\000i\000o\000n\000\040\000i\000d\000e\000n\000t\000i\000f\000i\000e\000r\000s}{section.4}% 13
\BOOKMARK [1][-]{section.5}{\376\377\000D\000e\000t\000e\000c\000t\000i\000o\000n\000\040\000L\000a\000y\000e\000r}{}% 14
\BOOKMARK [2][-]{subsection.5.1}{\376\377\000B\000a\000c\000k\000g\000r\000o\000u\000n\000d\000-\000s\000u\000b\000t\000r\000a\000c\000t\000i\000o\000n\000\040\000b\000r\000a\000n\000c\000h}{section.5}% 15
\BOOKMARK [2][-]{subsection.5.2}{\376\377\000Y\000O\000L\000O\000\040\000O\000B\000B\000\040\000b\000r\000a\000n\000c\000h}{section.5}% 16
\BOOKMARK [2][-]{subsection.5.3}{\376\377\000D\000e\000t\000e\000c\000t\000i\000o\000n\000\040\000c\000a\000c\000h\000e}{section.5}% 17
\BOOKMARK [2][-]{subsection.5.4}{\376\377\000D\000e\000t\000e\000c\000t\000i\000o\000n\000-\000t\000o\000-\000t\000r\000a\000c\000k\000\040\000h\000a\000n\000d\000o\000f\000f}{section.5}% 18
\BOOKMARK [1][-]{section.6}{\376\377\000S\000t\000a\000t\000e\000\040\000E\000s\000t\000i\000m\000a\000t\000i\000o\000n}{}% 19
\BOOKMARK [2][-]{subsection.6.1}{\376\377\000T\000r\000a\000n\000s\000i\000t\000i\000o\000n\000\040\000m\000o\000d\000e\000l}{section.6}% 20
\BOOKMARK [2][-]{subsection.6.2}{\376\377\000O\000b\000s\000e\000r\000v\000a\000t\000i\000o\000n\000\040\000m\000o\000d\000e\000l}{section.6}% 21
\BOOKMARK [2][-]{subsection.6.3}{\376\377\000H\000e\000a\000d\000i\000n\000g\000-\000a\000w\000a\000r\000e\000\040\000p\000r\000o\000c\000e\000s\000s\000\040\000n\000o\000i\000s\000e}{section.6}% 22
\BOOKMARK [2][-]{subsection.6.4}{\376\377\000P\000r\000e\000d\000i\000c\000t\000i\000o\000n\000\040\000a\000n\000d\000\040\000c\000o\000r\000r\000e\000c\000t\000i\000o\000n}{section.6}% 23
\BOOKMARK [2][-]{subsection.6.5}{\376\377\000M\000a\000t\000u\000r\000i\000t\000y\000\040\000a\000n\000d\000\040\000s\000p\000e\000e\000d\000\040\000l\000i\000m\000i\000t\000s}{section.6}% 24
\BOOKMARK [1][-]{section.7}{\376\377\000O\000r\000i\000e\000n\000t\000a\000t\000i\000o\000n\000\040\000a\000n\000d\000\040\000P\000o\000s\000e\000\040\000H\000a\000n\000d\000l\000i\000n\000g}{}% 25
\BOOKMARK [2][-]{subsection.7.1}{\376\377\000D\000i\000r\000e\000c\000t\000e\000d\000\040\000v\000e\000r\000s\000u\000s\000\040\000a\000x\000i\000s\000-\000a\000l\000i\000g\000n\000e\000d\000\040\000o\000r\000i\000e\000n\000t\000a\000t\000i\000o\000n}{section.7}% 26
\BOOKMARK [2][-]{subsection.7.2}{\376\377\000A\000x\000i\000s\000\040\000c\000o\000l\000l\000a\000p\000s\000e}{section.7}% 27
\BOOKMARK [2][-]{subsection.7.3}{\376\377\000P\000o\000s\000e\000-\000d\000e\000r\000i\000v\000e\000d\000\040\000h\000e\000a\000d\000i\000n\000g}{section.7}% 28
\BOOKMARK [2][-]{subsection.7.4}{\376\377\000N\000o\000r\000m\000a\000l\000i\000z\000e\000d\000\040\000p\000o\000s\000e\000\040\000p\000r\000o\000t\000o\000t\000y\000p\000e\000s}{section.7}% 29
\BOOKMARK [1][-]{section.8}{\376\377\000A\000s\000s\000o\000c\000i\000a\000t\000i\000o\000n\000\040\000a\000n\000d\000\040\000O\000n\000l\000i\000n\000e\000\040\000I\000d\000e\000n\000t\000i\000t\000y\000\040\000M\000a\000i\000n\000t\000e\000n\000a\000n\000c\000e}{}% 30
\BOOKMARK [2][-]{subsection.8.1}{\376\377\000B\000a\000s\000e\000\040\000p\000o\000s\000i\000t\000i\000o\000n\000a\000l\000\040\000u\000n\000c\000e\000r\000t\000a\000i\000n\000t\000y}{section.8}% 31
\BOOKMARK [2][-]{subsection.8.2}{\376\377\000O\000r\000i\000e\000n\000t\000a\000t\000i\000o\000n\000\040\000d\000i\000s\000t\000a\000n\000c\000e}{section.8}% 32
\BOOKMARK [2][-]{subsection.8.3}{\376\377\000S\000t\000a\000g\000e\000-\0002\000\040\000a\000s\000s\000o\000c\000i\000a\000t\000i\000o\000n\000\040\000c\000o\000s\000t}{section.8}% 33
\BOOKMARK [2][-]{subsection.8.4}{\376\377\000S\000t\000a\000g\000e\000-\0001\000\040\000g\000a\000t\000i\000n\000g}{section.8}% 34
\BOOKMARK [2][-]{subsection.8.5}{\376\377\000P\000o\000s\000e\000-\000s\000h\000a\000p\000e\000\040\000r\000e\000j\000e\000c\000t\000i\000o\000n}{section.8}% 35
\BOOKMARK [2][-]{subsection.8.6}{\376\377\000A\000s\000s\000i\000g\000n\000m\000e\000n\000t\000\040\000p\000h\000a\000s\000e\000s}{section.8}% 36
\BOOKMARK [2][-]{subsection.8.7}{\376\377\000R\000e\000s\000p\000a\000w\000n\000\040\000g\000u\000a\000r\000d}{section.8}% 37
\BOOKMARK [2][-]{subsection.8.8}{\376\377\000T\000r\000a\000c\000k\000\040\000m\000e\000m\000o\000r\000y\000\040\000u\000p\000d\000a\000t\000e\000s}{section.8}% 38
\BOOKMARK [2][-]{subsection.8.9}{\376\377\000W\000h\000y\000\040\000t\000h\000e\000\040\000w\000o\000r\000k\000e\000r\000\040\000p\000r\000e\000f\000e\000r\000s\000\040\000f\000r\000a\000g\000m\000e\000n\000t\000a\000t\000i\000o\000n}{section.8}% 39
\BOOKMARK [2][-]{subsection.8.10}{\376\377\000C\000u\000r\000r\000e\000n\000t\000\040\000l\000i\000m\000i\000t\000a\000t\000i\000o\000n\000s\000\040\000o\000f\000\040\000p\000o\000s\000e\000\040\000a\000n\000d\000\040\000a\000p\000p\000e\000a\000r\000a\000n\000c\000e\000\040\000c\000u\000e\000s}{section.8}% 40
\BOOKMARK [1][-]{section.9}{\376\377\000B\000a\000c\000k\000w\000a\000r\000d\000\040\000R\000e\000p\000l\000a\000y\000\040\000a\000n\000d\000\040\000C\000o\000n\000s\000e\000n\000s\000u\000s\000\040\000R\000e\000s\000o\000l\000u\000t\000i\000o\000n}{}% 41
\BOOKMARK [2][-]{subsection.9.1}{\376\377\000R\000e\000p\000l\000a\000y\000\040\000d\000e\000c\000i\000s\000i\000o\000n\000\040\000l\000a\000d\000d\000e\000r}{section.9}% 42
\BOOKMARK [1][-]{section.10}{\376\377\000P\000o\000s\000t\000-\000P\000r\000o\000c\000e\000s\000s\000i\000n\000g\000\040\000a\000n\000d\000\040\000T\000r\000a\000j\000e\000c\000t\000o\000r\000y\000\040\000R\000e\000s\000o\000l\000u\000t\000i\000o\000n}{}% 43
\BOOKMARK [2][-]{subsection.10.1}{\376\377\000C\000l\000e\000a\000n\000i\000n\000g\000\040\000a\000n\000d\000\040\000b\000r\000e\000a\000k\000s}{section.10}% 44
\BOOKMARK [2][-]{subsection.10.2}{\376\377\000F\000o\000r\000w\000a\000r\000d\000/\000b\000a\000c\000k\000w\000a\000r\000d\000\040\000a\000g\000r\000e\000e\000m\000e\000n\000t}{section.10}% 45
\BOOKMARK [2][-]{subsection.10.3}{\376\377\000O\000f\000f\000l\000i\000n\000e\000\040\000r\000e\000s\000o\000l\000u\000t\000i\000o\000n\000\040\000l\000a\000d\000d\000e\000r}{section.10}% 46
\BOOKMARK [2][-]{subsection.10.4}{\376\377\000M\000o\000t\000i\000o\000n\000-\000a\000n\000d\000-\000p\000o\000s\000e\000\040\000r\000e\000l\000i\000n\000k\000i\000n\000g}{section.10}% 47
\BOOKMARK [2][-]{subsection.10.5}{\376\377\000I\000n\000t\000e\000r\000p\000o\000l\000a\000t\000i\000o\000n}{section.10}% 48
\BOOKMARK [1][-]{section.11}{\376\377\000L\000i\000m\000i\000t\000a\000t\000i\000o\000n\000s\000\040\000a\000n\000d\000\040\000F\000u\000t\000u\000r\000e\000\040\000D\000i\000r\000e\000c\000t\000i\000o\000n\000s}{}% 49
\BOOKMARK [2][-]{subsection.11.1}{\376\377\000W\000h\000y\000\040\000p\000o\000s\000e\000\040\000a\000n\000d\000\040\000a\000p\000p\000e\000a\000r\000a\000n\000c\000e\000\040\000a\000r\000e\000\040\000n\000o\000t\000\040\000d\000o\000m\000i\000n\000a\000n\000t\000\040\000H\000u\000n\000g\000a\000r\000i\000a\000n\000\040\000t\000e\000r\000m\000s\000\040\000y\000e\000t}{section.11}% 50
\BOOKMARK [2][-]{subsection.11.2}{\376\377\000M\000a\000r\000k\000e\000r\000-\000m\000e\000d\000i\000a\000t\000e\000d\000\040\000i\000d\000e\000n\000t\000i\000t\000y\000\040\000c\000h\000a\000n\000n\000e\000l\000s}{section.11}% 51
\BOOKMARK [2][-]{subsection.11.3}{\376\377\000P\000o\000s\000t\000-\000e\000x\000p\000e\000r\000i\000m\000e\000n\000t\000\040\000i\000d\000e\000n\000t\000i\000t\000y\000\040\000f\000u\000s\000i\000o\000n\000\040\000w\000i\000t\000h\000\040\000c\000o\000n\000t\000r\000a\000s\000t\000i\000v\000e\000\040\000l\000e\000a\000r\000n\000i\000n\000g}{section.11}% 52
\BOOKMARK [2][-]{subsection.11.4}{\376\377\000F\000a\000s\000t\000e\000r\000\040\000h\000y\000b\000r\000i\000d\000\040\000d\000e\000t\000e\000c\000t\000i\000o\000n}{section.11}% 53
\BOOKMARK [2][-]{subsection.11.5}{\376\377\000C\000u\000r\000r\000e\000n\000t\000\040\000U\000I\000\040\000f\000o\000o\000t\000h\000o\000l\000d\000s\000\040\000f\000o\000r\000\040\000f\000u\000t\000u\000r\000e\000\040\000w\000o\000r\000k}{section.11}% 54
\BOOKMARK [2][-]{subsection.11.6}{\376\377\000L\000o\000n\000g\000e\000r\000-\000h\000o\000r\000i\000z\000o\000n\000\040\000r\000o\000a\000d\000m\000a\000p}{section.11}% 55
\BOOKMARK [1][-]{section.12}{\376\377\000U\000I\000-\000t\000o\000-\000R\000u\000n\000t\000i\000m\000e\000\040\000P\000a\000r\000a\000m\000e\000t\000e\000r\000\040\000M\000a\000p\000p\000i\000n\000g}{}% 56
\BOOKMARK [2][-]{subsection.12.1}{\376\377\000P\000r\000i\000m\000a\000r\000y\000\040\000d\000e\000r\000i\000v\000e\000d\000\040\000q\000u\000a\000n\000t\000i\000t\000i\000e\000s}{section.12}% 57
\BOOKMARK [2][-]{subsection.12.2}{\376\377\000C\000r\000o\000s\000s\000w\000a\000l\000k\000\040\000t\000a\000b\000l\000e\000s}{section.12}% 58
\BOOKMARK [2][-]{subsection.12.3}{\376\377\000H\000o\000w\000\040\000o\000p\000e\000r\000a\000t\000o\000r\000\040\000c\000o\000n\000t\000r\000o\000l\000s\000\040\000m\000o\000v\000e\000\040\000t\000h\000e\000\040\000m\000a\000t\000h}{section.12}% 59
\BOOKMARK [1][-]{section.13}{\376\377\000O\000p\000e\000r\000a\000t\000i\000o\000n\000a\000l\000\040\000G\000u\000i\000d\000a\000n\000c\000e}{}% 60
\BOOKMARK [1][-]{section.14}{\376\377\000I\000m\000p\000l\000e\000m\000e\000n\000t\000a\000t\000i\000o\000n\000\040\000S\000u\000r\000f\000a\000c\000e}{}% 61
\BOOKMARK [1][-]{section.15}{\376\377\000S\000u\000m\000m\000a\000r\000y}{}% 62
